<?xml version="1.0" encoding="UTF-8"?>
<!-- Generated by org.testng.reporters.JUnitReportReporter -->
<testsuite skipped="0" hostname="ADMIN-PC" name="Tests.logInTestCase.EmailRadioButton" tests="1" failures="0" timestamp="29 Apr 2018 11:35:02 GMT" time="0.170" errors="0">
  <testcase name="loginUIEmailRadioButton" time="0.170" classname="Tests.logInTestCase.EmailRadioButton"/>
</testsuite> <!-- Tests.logInTestCase.EmailRadioButton -->
