<?xml version="1.0" encoding="UTF-8"?>
<!-- Generated by org.testng.reporters.JUnitReportReporter -->
<testsuite hostname="Maheshs-MacBook-Pro.local" failures="0" tests="1" name="Tests.SignUpTest" time="0.012" errors="0" timestamp="27 Apr 2018 06:57:27 GMT" skipped="0">
  <testcase classname="Tests.SignUpTest" name="verifyEleOnLetsVerifyScreen" time="0.012"/>
</testsuite> <!-- Tests.SignUpTest -->
