<?xml version="1.0" encoding="UTF-8"?>
<!-- Generated by org.testng.reporters.JUnitReportReporter -->
<testsuite name="Utilities.BasicOperations" tests="1" time="27.705" ignored="0" failures="0" timestamp="26 Apr 2018 19:45:09 GMT" skipped="0" hostname="VaishaliRajput" errors="0">
  <testcase name="login" time="27.705" classname="Utilities.BasicOperations"/>
</testsuite> <!-- Utilities.BasicOperations -->
