<?xml version="1.0" encoding="UTF-8"?>
<!-- Generated by org.testng.reporters.JUnitReportReporter -->
<testsuite skipped="0" hostname="ADMIN-PC" name="Tests.logInTestCase.LoginUsingEmail" tests="1" failures="0" timestamp="29 Apr 2018 11:35:02 GMT" time="17.278" errors="0">
  <testcase name="loginUsingEmail" time="17.278" classname="Tests.logInTestCase.LoginUsingEmail"/>
</testsuite> <!-- Tests.logInTestCase.LoginUsingEmail -->
