<?xml version="1.0" encoding="UTF-8"?>
<!-- Generated by org.testng.reporters.JUnitReportReporter -->
<testsuite name="Tests.Mpin.MpinTest" tests="1" time="43.986" ignored="0" failures="0" timestamp="14 Dec 2017 12:08:02 GMT" skipped="0" hostname="VaishaliRajput" errors="0">
  <testcase name="testMpinDialogonLogin" time="43.986" classname="Tests.Mpin.MpinTest"/>
</testsuite> <!-- Tests.Mpin.MpinTest -->
